<?xml version="1.0" encoding="UTF-8"?>
<testng-results ignored="0" total="2" passed="2" failed="0" skipped="0">
  <reporter-output>
  </reporter-output>
  <suite started-at="2024-11-19T13:25:33 EST" name="Suite" finished-at="2024-11-19T13:25:53 EST" duration-ms="19820">
    <groups>
    </groups>
    <test started-at="2024-11-19T13:25:33 EST" name="Test" finished-at="2024-11-19T13:25:53 EST" duration-ms="19820">
      <class name="testCases.LoginTest">
        <test-method signature="verify_login()[pri:0, instance:testCases.LoginTest@27f981c6]" started-at="2024-11-19T13:25:33 EST" name="verify_login" finished-at="2024-11-19T13:25:43 EST" duration-ms="9781" status="PASS">
          <reporter-output>
          </reporter-output>
        </test-method> <!-- verify_login -->
      </class> <!-- testCases.LoginTest -->
      <class name="testCases.RegisterTest">
        <test-method signature="verify_Registration()[pri:0, instance:testCases.RegisterTest@b9b00e0]" started-at="2024-11-19T13:25:43 EST" name="verify_Registration" finished-at="2024-11-19T13:25:53 EST" duration-ms="9976" status="PASS">
          <reporter-output>
          </reporter-output>
        </test-method> <!-- verify_Registration -->
      </class> <!-- testCases.RegisterTest -->
    </test> <!-- Test -->
  </suite> <!-- Suite -->
</testng-results>
