<?xml version="1.0" encoding="UTF-8"?>
<testng-results ignored="0" total="2" passed="2" failed="0" skipped="0">
  <reporter-output>
  </reporter-output>
  <suite started-at="2024-11-19T18:08:16 EST" name="DemoWebShop Suite" finished-at="2024-11-19T18:08:40 EST" duration-ms="23618">
    <groups>
    </groups>
    <test started-at="2024-11-19T18:08:16 EST" name="User Tests" finished-at="2024-11-19T18:08:40 EST" duration-ms="23618">
      <class name="testCases.LoginTest">
        <test-method is-config="true" signature="setup()[pri:0, instance:testCases.LoginTest@117159c0]" started-at="2024-11-19T18:08:16 EST" name="setup" finished-at="2024-11-19T18:08:30 EST" duration-ms="13748" status="PASS">
          <reporter-output>
          </reporter-output>
        </test-method> <!-- setup -->
        <test-method signature="verifyLogin()[pri:0, instance:testCases.LoginTest@117159c0]" started-at="2024-11-19T18:08:30 EST" name="verifyLogin" finished-at="2024-11-19T18:08:32 EST" duration-ms="1645" status="PASS">
          <reporter-output>
          </reporter-output>
        </test-method> <!-- verifyLogin -->
        <test-method is-config="true" signature="tearDown()[pri:0, instance:testCases.LoginTest@117159c0]" started-at="2024-11-19T18:08:32 EST" name="tearDown" finished-at="2024-11-19T18:08:32 EST" duration-ms="736" status="PASS">
          <reporter-output>
          </reporter-output>
        </test-method> <!-- tearDown -->
      </class> <!-- testCases.LoginTest -->
      <class name="testCases.RegisterTest">
        <test-method is-config="true" signature="setup()[pri:0, instance:testCases.RegisterTest@7d9d0818]" started-at="2024-11-19T18:08:32 EST" name="setup" finished-at="2024-11-19T18:08:37 EST" duration-ms="4485" status="PASS">
          <reporter-output>
          </reporter-output>
        </test-method> <!-- setup -->
        <test-method signature="verifyRegistration()[pri:0, instance:testCases.RegisterTest@7d9d0818]" started-at="2024-11-19T18:08:37 EST" name="verifyRegistration" finished-at="2024-11-19T18:08:39 EST" duration-ms="2218" status="PASS">
          <reporter-output>
          </reporter-output>
        </test-method> <!-- verifyRegistration -->
        <test-method is-config="true" signature="tearDown()[pri:0, instance:testCases.RegisterTest@7d9d0818]" started-at="2024-11-19T18:08:39 EST" name="tearDown" finished-at="2024-11-19T18:08:40 EST" duration-ms="719" status="PASS">
          <reporter-output>
          </reporter-output>
        </test-method> <!-- tearDown -->
      </class> <!-- testCases.RegisterTest -->
    </test> <!-- User Tests -->
  </suite> <!-- DemoWebShop Suite -->
</testng-results>
